Using pre-set license
Built from '2020.3/staging' branch; Version is '2020.3.22f1 (e1a7f79fd887) revision 14788599'; Using compiler version '192528614'; Build Type 'Release'
OS: 'Windows 10 Home; OS build 19045.4412; Version 2009; 64bit' Language: 'es' Physical Memory: 16220 MB
BatchMode: 1, IsHumanControllingUs: 0, StartBugReporterOnCrash: 0, Is64bit: 1, IsPro: 0

COMMAND LINE ARGUMENTS:
C:\Program Files\Unity\Hub\Editor\2020.3.22f1\Editor\Unity.exe
-adb2
-batchMode
-noUpm
-name
AssetImportWorker0
-projectPath
C:/Users/pdgam/OneDrive/Escritorio/NO BORRAR (SI NO PUES SUERTE)
-logFile
Logs/AssetImportWorker0.log
-srvPort
54712
Successfully changed project path to: C:/Users/pdgam/OneDrive/Escritorio/NO BORRAR (SI NO PUES SUERTE)
C:/Users/pdgam/OneDrive/Escritorio/NO BORRAR (SI NO PUES SUERTE)
Using Asset Import Pipeline V2.
Refreshing native plugins compatible for Editor in 67.16 ms, found 3 plugins.
Preloading 0 native plugins for Editor in 0.00 ms.
Initialize engine version: 2020.3.22f1 (e1a7f79fd887)
[Subsystems] Discovering subsystems at path C:/Program Files/Unity/Hub/Editor/2020.3.22f1/Editor/Data/Resources/UnitySubsystems
[Subsystems] Discovering subsystems at path C:/Users/pdgam/OneDrive/Escritorio/NO BORRAR (SI NO PUES SUERTE)/Assets
GfxDevice: creating device client; threaded=0
Direct3D:
    Version:  Direct3D 11.0 [level 11.1]
    Renderer: NVIDIA GeForce GTX 1650 (ID=0x1f99)
    Vendor:   
    VRAM:     3962 MB
    Driver:   31.0.15.1691
Initialize mono
Mono path[0] = 'C:/Program Files/Unity/Hub/Editor/2020.3.22f1/Editor/Data/Managed'
Mono path[1] = 'C:/Program Files/Unity/Hub/Editor/2020.3.22f1/Editor/Data/MonoBleedingEdge/lib/mono/unityjit'
Mono config path = 'C:/Program Files/Unity/Hub/Editor/2020.3.22f1/Editor/Data/MonoBleedingEdge/etc'
Using monoOptions --debugger-agent=transport=dt_socket,embedding=1,server=y,suspend=n,address=127.0.0.1:56708
Begin MonoManager ReloadAssembly
Registering precompiled unity dll's ...
Register platform support module: C:/Program Files/Unity/Hub/Editor/2020.3.22f1/Editor/Data/PlaybackEngines/WindowsStandaloneSupport/UnityEditor.WindowsStandalone.Extensions.dll
Registered in 0.002197 seconds.
Native extension for WindowsStandalone target not found
Refreshing native plugins compatible for Editor in 69.02 ms, found 3 plugins.
Preloading 0 native plugins for Editor in 0.00 ms.
Mono: successfully reloaded assembly
- Completed reload, in  1.788 seconds
Domain Reload Profiling:
	ReloadAssembly (1788ms)
		BeginReloadAssembly (54ms)
			ExecutionOrderSort (0ms)
			DisableScriptedObjects (0ms)
			BackupInstance (0ms)
			ReleaseScriptingObjects (0ms)
			CreateAndSetChildDomain (1ms)
		EndReloadAssembly (466ms)
			LoadAssemblies (51ms)
			RebuildTransferFunctionScriptingTraits (0ms)
			SetupTypeCache (149ms)
			ReleaseScriptCaches (0ms)
			RebuildScriptCaches (29ms)
			SetupLoadedEditorAssemblies (188ms)
				LogAssemblyErrors (0ms)
				InitializePlatformSupportModulesInManaged (4ms)
				SetLoadedEditorAssemblies (0ms)
				RefreshPlugins (69ms)
				BeforeProcessingInitializeOnLoad (12ms)
				ProcessInitializeOnLoadAttributes (77ms)
				ProcessInitializeOnLoadMethodAttributes (27ms)
				AfterProcessingInitializeOnLoad (0ms)
				EditorAssembliesLoaded (0ms)
			ExecutionOrderSort2 (0ms)
			AwakeInstancesAfterBackupRestoration (0ms)
Platform modules already initialized, skipping
Registering precompiled user dll's ...
Registered in 0.005040 seconds.
Begin MonoManager ReloadAssembly
Native extension for WindowsStandalone target not found
Refreshing native plugins compatible for Editor in 66.69 ms, found 3 plugins.
Preloading 0 native plugins for Editor in 0.00 ms.
Mono: successfully reloaded assembly
- Completed reload, in  1.128 seconds
Domain Reload Profiling:
	ReloadAssembly (1129ms)
		BeginReloadAssembly (142ms)
			ExecutionOrderSort (0ms)
			DisableScriptedObjects (5ms)
			BackupInstance (0ms)
			ReleaseScriptingObjects (0ms)
			CreateAndSetChildDomain (16ms)
		EndReloadAssembly (926ms)
			LoadAssemblies (90ms)
			RebuildTransferFunctionScriptingTraits (0ms)
			SetupTypeCache (302ms)
			ReleaseScriptCaches (0ms)
			RebuildScriptCaches (46ms)
			SetupLoadedEditorAssemblies (364ms)
				LogAssemblyErrors (0ms)
				InitializePlatformSupportModulesInManaged (4ms)
				SetLoadedEditorAssemblies (0ms)
				RefreshPlugins (67ms)
				BeforeProcessingInitializeOnLoad (77ms)
				ProcessInitializeOnLoadAttributes (192ms)
				ProcessInitializeOnLoadMethodAttributes (16ms)
				AfterProcessingInitializeOnLoad (7ms)
				EditorAssembliesLoaded (0ms)
			ExecutionOrderSort2 (0ms)
			AwakeInstancesAfterBackupRestoration (6ms)
Platform modules already initialized, skipping
========================================================================
Worker process is ready to serve import requests
Launched and connected shader compiler UnityShaderCompiler.exe after 0.04 seconds
Refreshing native plugins compatible for Editor in 0.74 ms, found 3 plugins.
Preloading 0 native plugins for Editor in 0.00 ms.
Unloading 2248 Unused Serialized files (Serialized files now loaded: 0)
System memory in use before: 102.6 MB.
System memory in use after: 102.7 MB.

Unloading 28 unused Assets to reduce memory usage. Loaded Objects now: 2688.
Total: 3.518300 ms (FindLiveObjects: 0.279600 ms CreateObjectMapping: 0.144500 ms MarkObjects: 3.016400 ms  DeleteObjects: 0.076600 ms)

AssetImportParameters requested are different than current active one (requested -> active):
  custom:framework-win-MediaFoundation: 216162199b28c13a410421893ffa2e32 -> 
  custom:video-decoder-ogg-theora: a1e56fd34408186e4bbccfd4996cb3dc -> 
  custom:container-muxer-webm: aa71ff27fc2769a1b78a27578f13a17b -> 
  custom:container-demuxer-webm: 4f35f7cbe854078d1ac9338744f61a02 -> 
  custom:container-demuxer-ogg: 62fdf1f143b41e24485cea50d1cbac27 -> 
  custom:video-encoder-webm-vp8: eb34c28f22e8b96e1ab97ce403110664 -> 
  custom:video-decoder-webm-vp8: 9c59270c3fd7afecdb556c50c9e8de78 -> 
  custom:audio-decoder-ogg-vorbis: bf7c407c2cedff20999df2af8eb42d56 -> 
  custom:audio-encoder-webm-vorbis: bf7c407c2cedff20999df2af8eb42d56 -> 
========================================================================
Received Import Request.
  path: Assets/AllAssets/Trap and Weapon/14.png
  artifactKey: Guid(b39c63ea34cc5ee4cbda4cc1d21f8802) Importer(815301076,1909f56bfc062723c751e8b465ee728b)
Start importing Assets/AllAssets/Trap and Weapon/14.png using Guid(b39c63ea34cc5ee4cbda4cc1d21f8802) Importer(815301076,1909f56bfc062723c751e8b465ee728b)  -> (artifact id: 'af893a9d9e8bd25fec6b8678d530698f') in 0.084247 seconds 
  Import took 0.088109 seconds .

========================================================================
Received Import Request.
  Time since last request: 0.000300 seconds.
  path: Assets/AllAssets/Trap and Weapon/15.png
  artifactKey: Guid(3448bda74fb3f7e47aa0d640881e214d) Importer(815301076,1909f56bfc062723c751e8b465ee728b)
Start importing Assets/AllAssets/Trap and Weapon/15.png using Guid(3448bda74fb3f7e47aa0d640881e214d) Importer(815301076,1909f56bfc062723c751e8b465ee728b)  -> (artifact id: '34994a3ac89a536f13a8188802c95cd3') in 0.021398 seconds 
  Import took 0.025595 seconds .

========================================================================
Received Import Request.
  Time since last request: 0.000228 seconds.
  path: Assets/AllAssets/Trap and Weapon/02.png
  artifactKey: Guid(f56fe69237f03334f9ad3af75431f473) Importer(815301076,1909f56bfc062723c751e8b465ee728b)
Start importing Assets/AllAssets/Trap and Weapon/02.png using Guid(f56fe69237f03334f9ad3af75431f473) Importer(815301076,1909f56bfc062723c751e8b465ee728b)  -> (artifact id: 'f915cd1140c99e010234158034576bd4') in 0.025532 seconds 
  Import took 0.029764 seconds .

========================================================================
Received Import Request.
  Time since last request: 0.000190 seconds.
  path: Assets/AllAssets/Trap and Weapon/07.png
  artifactKey: Guid(c31cd9dd3b8e8f74b82b3c5020a2b90d) Importer(815301076,1909f56bfc062723c751e8b465ee728b)
Start importing Assets/AllAssets/Trap and Weapon/07.png using Guid(c31cd9dd3b8e8f74b82b3c5020a2b90d) Importer(815301076,1909f56bfc062723c751e8b465ee728b)  -> (artifact id: '2c7a538908e2c3a4436d1dfe6fc8f557') in 0.024397 seconds 
  Import took 0.027968 seconds .

========================================================================
Received Import Request.
  Time since last request: 0.000174 seconds.
  path: Assets/AllAssets/Trap and Weapon/13.png
  artifactKey: Guid(d801d680d7a219447b552f2e917cdf7e) Importer(815301076,1909f56bfc062723c751e8b465ee728b)
Start importing Assets/AllAssets/Trap and Weapon/13.png using Guid(d801d680d7a219447b552f2e917cdf7e) Importer(815301076,1909f56bfc062723c751e8b465ee728b)  -> (artifact id: '8005b7041e300448826fb395942b61bf') in 0.036049 seconds 
  Import took 0.039522 seconds .

========================================================================
Received Import Request.
  Time since last request: 0.000177 seconds.
  path: Assets/AllAssets/Trap and Weapon/00 All.png
  artifactKey: Guid(effea79bb26c46345b2b601e78313157) Importer(815301076,1909f56bfc062723c751e8b465ee728b)
Start importing Assets/AllAssets/Trap and Weapon/00 All.png using Guid(effea79bb26c46345b2b601e78313157) Importer(815301076,1909f56bfc062723c751e8b465ee728b)  -> (artifact id: '3fd6e46c5e4270f21fab90b9f740d6c4') in 0.016167 seconds 
  Import took 0.019547 seconds .

========================================================================
Received Import Request.
  Time since last request: 0.000208 seconds.
  path: Assets/AllAssets/Trap and Weapon/00.png
  artifactKey: Guid(5c10dc9ae704c5d40b936fb74975e27a) Importer(815301076,1909f56bfc062723c751e8b465ee728b)
Start importing Assets/AllAssets/Trap and Weapon/00.png using Guid(5c10dc9ae704c5d40b936fb74975e27a) Importer(815301076,1909f56bfc062723c751e8b465ee728b)  -> (artifact id: 'b180ed2db984acaadfe8b33fe68eee90') in 0.010053 seconds 
  Import took 0.013277 seconds .

========================================================================
Received Import Request.
  Time since last request: 0.000184 seconds.
  path: Assets/AllAssets/Trap and Weapon/09.png
  artifactKey: Guid(17702de7bba53af488096d124b8fff62) Importer(815301076,1909f56bfc062723c751e8b465ee728b)
Start importing Assets/AllAssets/Trap and Weapon/09.png using Guid(17702de7bba53af488096d124b8fff62) Importer(815301076,1909f56bfc062723c751e8b465ee728b)  -> (artifact id: '7b94165e64f82c826af190bfabd30c33') in 0.008896 seconds 
  Import took 0.012613 seconds .

========================================================================
Received Import Request.
  Time since last request: 0.000196 seconds.
  path: Assets/AllAssets/Trap and Weapon/16.png
  artifactKey: Guid(5be5b3ac2fd22dc4aabcb16f62df7052) Importer(815301076,1909f56bfc062723c751e8b465ee728b)
Start importing Assets/AllAssets/Trap and Weapon/16.png using Guid(5be5b3ac2fd22dc4aabcb16f62df7052) Importer(815301076,1909f56bfc062723c751e8b465ee728b)  -> (artifact id: '94ad70b188bc818575bb25d92fcf24d8') in 0.010618 seconds 
  Import took 0.013967 seconds .

========================================================================
Received Import Request.
  Time since last request: 0.000181 seconds.
  path: Assets/AllAssets/Trap and Weapon/00 Gun.png
  artifactKey: Guid(cbcdb1a1a8811f548a497053b14909fb) Importer(815301076,1909f56bfc062723c751e8b465ee728b)
Start importing Assets/AllAssets/Trap and Weapon/00 Gun.png using Guid(cbcdb1a1a8811f548a497053b14909fb) Importer(815301076,1909f56bfc062723c751e8b465ee728b)  -> (artifact id: 'bc45a6389a98a77de5ba7f61e8840acf') in 0.011825 seconds 
  Import took 0.015768 seconds .

========================================================================
Received Import Request.
  Time since last request: 0.000219 seconds.
  path: Assets/AllAssets/Trap and Weapon/04.png
  artifactKey: Guid(1bfba75428a751e4d8b322cbfc3f51d2) Importer(815301076,1909f56bfc062723c751e8b465ee728b)
Start importing Assets/AllAssets/Trap and Weapon/04.png using Guid(1bfba75428a751e4d8b322cbfc3f51d2) Importer(815301076,1909f56bfc062723c751e8b465ee728b)  -> (artifact id: 'd090618981b135c9553df645dd5230ce') in 0.008921 seconds 
  Import took 0.012363 seconds .

========================================================================
Received Import Request.
  Time since last request: 0.000255 seconds.
  path: Assets/AllAssets/Trap and Weapon/01.png
  artifactKey: Guid(6bde8f3cd4817964990fb77f5d661b25) Importer(815301076,1909f56bfc062723c751e8b465ee728b)
Start importing Assets/AllAssets/Trap and Weapon/01.png using Guid(6bde8f3cd4817964990fb77f5d661b25) Importer(815301076,1909f56bfc062723c751e8b465ee728b)  -> (artifact id: 'de5f3497c0f08ba61a690edfbe3d7d76') in 0.008826 seconds 
  Import took 0.012318 seconds .

========================================================================
Received Import Request.
  Time since last request: 0.000234 seconds.
  path: Assets/AllAssets/Trap and Weapon/03.png
  artifactKey: Guid(1d03abbedef06d74e81efeb7177f11cc) Importer(815301076,1909f56bfc062723c751e8b465ee728b)
Start importing Assets/AllAssets/Trap and Weapon/03.png using Guid(1d03abbedef06d74e81efeb7177f11cc) Importer(815301076,1909f56bfc062723c751e8b465ee728b)  -> (artifact id: '249dee8f04a17b56a9772b8fca9c022e') in 0.008988 seconds 
  Import took 0.012572 seconds .

========================================================================
Received Import Request.
  Time since last request: 0.000266 seconds.
  path: Assets/AllAssets/Trap and Weapon/12.png
  artifactKey: Guid(e79f762c0e58e1f499275ec252c1d75b) Importer(815301076,1909f56bfc062723c751e8b465ee728b)
Start importing Assets/AllAssets/Trap and Weapon/12.png using Guid(e79f762c0e58e1f499275ec252c1d75b) Importer(815301076,1909f56bfc062723c751e8b465ee728b)  -> (artifact id: '551f90f3f7f7b00d96730e538dc2f51c') in 0.008528 seconds 
  Import took 0.012071 seconds .

========================================================================
Received Import Request.
  Time since last request: 0.000253 seconds.
  path: Assets/AllAssets/Trap and Weapon/08.png
  artifactKey: Guid(0b0dc1aab629dd64cae6758a89f18d6c) Importer(815301076,1909f56bfc062723c751e8b465ee728b)
Start importing Assets/AllAssets/Trap and Weapon/08.png using Guid(0b0dc1aab629dd64cae6758a89f18d6c) Importer(815301076,1909f56bfc062723c751e8b465ee728b)  -> (artifact id: '1c7ae901848cf935577a3ec5ee5fc8ba') in 0.008064 seconds 
  Import took 0.011358 seconds .

========================================================================
Received Import Request.
  Time since last request: 0.000197 seconds.
  path: Assets/AllAssets/Trap and Weapon/00 All_Rocket.png
  artifactKey: Guid(082dd3cfa48f1fb41999a7a96393bcef) Importer(815301076,1909f56bfc062723c751e8b465ee728b)
Start importing Assets/AllAssets/Trap and Weapon/00 All_Rocket.png using Guid(082dd3cfa48f1fb41999a7a96393bcef) Importer(815301076,1909f56bfc062723c751e8b465ee728b)  -> (artifact id: 'f9bbd47a21b1d0209d42eaa9829e6315') in 0.014003 seconds 
  Import took 0.018565 seconds .

========================================================================
Received Import Request.
  Time since last request: 0.000189 seconds.
  path: Assets/AllAssets/Trap and Weapon/05.png
  artifactKey: Guid(c1119595c083acc4f93ca3a260ddb922) Importer(815301076,1909f56bfc062723c751e8b465ee728b)
Start importing Assets/AllAssets/Trap and Weapon/05.png using Guid(c1119595c083acc4f93ca3a260ddb922) Importer(815301076,1909f56bfc062723c751e8b465ee728b)  -> (artifact id: '8a5d6b176437008666a8543d9d2f59e0') in 0.012049 seconds 
  Import took 0.015850 seconds .

========================================================================
Received Import Request.
  Time since last request: 0.000208 seconds.
  path: Assets/AllAssets/Trap and Weapon/10.png
  artifactKey: Guid(7db15acd37e7a5448af9544969d3de16) Importer(815301076,1909f56bfc062723c751e8b465ee728b)
Start importing Assets/AllAssets/Trap and Weapon/10.png using Guid(7db15acd37e7a5448af9544969d3de16) Importer(815301076,1909f56bfc062723c751e8b465ee728b)  -> (artifact id: '1de5e5c832ddf34e3d64bc91be6505c1') in 0.017986 seconds 
  Import took 0.022937 seconds .

========================================================================
Received Import Request.
  Time since last request: 0.000213 seconds.
  path: Assets/AllAssets/Trap and Weapon/06.png
  artifactKey: Guid(422985b605d161f419affbee17560672) Importer(815301076,1909f56bfc062723c751e8b465ee728b)
Start importing Assets/AllAssets/Trap and Weapon/06.png using Guid(422985b605d161f419affbee17560672) Importer(815301076,1909f56bfc062723c751e8b465ee728b)  -> (artifact id: '8a7f2d59a7daf448c3b430bbdcf7b5d4') in 0.010240 seconds 
  Import took 0.015521 seconds .

========================================================================
Received Import Request.
  Time since last request: 0.000327 seconds.
  path: Assets/AllAssets/Trap and Weapon/11.png
  artifactKey: Guid(05c100dc9ea50e54a86b746a5fcb35f4) Importer(815301076,1909f56bfc062723c751e8b465ee728b)
Start importing Assets/AllAssets/Trap and Weapon/11.png using Guid(05c100dc9ea50e54a86b746a5fcb35f4) Importer(815301076,1909f56bfc062723c751e8b465ee728b)  -> (artifact id: '153a2a165218fff6b4c9d0338d64fdf1') in 0.011980 seconds 
  Import took 0.016907 seconds .

AssetImportWorkerClient::OnTransportError - code=2 error=End of file
